<?xml version="1.0" encoding="UTF-8"?>
<!-- Generated by org.testng.reporters.JUnitXMLReporter -->
<testsuite ignored="2" hostname="DESKTOP-BG83L86" failures="0" tests="18" name="Test" time="0.683" errors="0" timestamp="2023-12-22T17:11:41 IST">
  <testcase classname="com.quiz_app.testcases.QuestionTableSchemaValidation" name="testTableExist" time="0.066"/>
  <testcase classname="com.quiz_app.testcases.QuestionTableSchemaValidation" name="testTableNameConvention" time="0.003"/>
  <testcase classname="com.quiz_app.testcases.QuestionTableSchemaValidation" name="testColumnNameConvention" time="0.007"/>
  <testcase classname="com.quiz_app.testcases.QuestionTableSchemaValidation" name="testColumnExist" time="0.012"/>
  <testcase classname="com.quiz_app.testcases.QuestionTableSchemaValidation" name="testTotalNoOfColumnsInTable" time="0.006"/>
  <testcase classname="com.quiz_app.testcases.QuestionTableSchemaValidation" name="testDatatypeOfColumn" time="0.006"/>
  <testcase classname="com.quiz_app.testcases.QuestionTableSchemaValidation" name="testSizeOfColumn" time="0.008"/>
  <testcase classname="com.quiz_app.testcases.QuestionTableSchemaValidation" name="testNullFieldsOfColumn" time="0.01"/>
  <testcase classname="com.quiz_app.testcases.QuestionTableSchemaValidation" name="testColumnKeyOfColumn" time="0.009"/>
  <testcase classname="com.quiz_app.testcases.SubjectTableSchemaValidation" name="testTableExist" time="0.005"/>
  <testcase classname="com.quiz_app.testcases.SubjectTableSchemaValidation" name="testTableNameConvention" time="0.004"/>
  <testcase classname="com.quiz_app.testcases.SubjectTableSchemaValidation" name="testColumnNameConvention" time="0.004"/>
  <testcase classname="com.quiz_app.testcases.SubjectTableSchemaValidation" name="testColumnExist" time="0.006"/>
  <testcase classname="com.quiz_app.testcases.SubjectTableSchemaValidation" name="testTotalNoOfColumnsInTable" time="0.004"/>
  <testcase classname="com.quiz_app.testcases.SubjectTableSchemaValidation" name="testDatatypeOfColumn" time="0.007"/>
  <testcase classname="com.quiz_app.testcases.SubjectTableSchemaValidation" name="testSizeOfColumn" time="0.005"/>
  <testcase classname="com.quiz_app.testcases.SubjectTableSchemaValidation" name="testNullFieldsOfColumn" time="0.005"/>
  <testcase classname="com.quiz_app.testcases.SubjectTableSchemaValidation" name="testColumnKeyOfColumn" time="0.005"/>
  <testcase classname="com.quiz_app.testcases.BaseTest" name="@AfterTest tearDown" time="0.0">
    <ignored/>
  </testcase> <!-- @AfterTest tearDown -->
  <testcase classname="com.quiz_app.testcases.BaseTest" name="@BeforeTest setUp" time="0.0">
    <ignored/>
  </testcase> <!-- @BeforeTest setUp -->
</testsuite> <!-- Test -->
